SF:lib\core\cache\cover_processor.dart
DA:19,2
DA:20,4
DA:22,2
DA:25,2
DA:35,16
DA:37,2
DA:38,1
DA:40,3
DA:41,3
DA:45,2
LF:10
LH:10
end_of_record
SF:lib\core\cache\cover_cache_manager.dart
DA:16,3
DA:28,2
DA:29,4
DA:31,2
DA:34,4
DA:38,2
DA:39,4
DA:46,1
DA:47,2
DA:49,3
DA:51,1
DA:55,2
DA:58,4
DA:60,2
DA:61,4
DA:62,4
DA:63,4
DA:66,3
DA:67,3
DA:68,3
DA:69,2
LF:21
LH:21
end_of_record
SF:lib\library\migrations\migrations.dart
DA:25,1
DA:27,1
DA:29,1
DA:31,1
DA:33,1
DA:35,1
DA:37,1
DA:39,1
DA:41,1
DA:43,1
DA:45,1
DA:47,1
DA:49,1
DA:51,1
DA:53,1
DA:55,1
DA:57,1
DA:59,1
LF:18
LH:18
end_of_record
SF:lib\library\migrations\sql_utils.dart
DA:6,7
DA:7,7
DA:8,7
DA:11,7
DA:13,14
DA:14,7
DA:15,7
DA:16,24
DA:17,36
DA:18,6
DA:19,7
DA:20,24
DA:21,36
DA:22,12
DA:25,7
DA:26,7
DA:27,14
DA:28,14
DA:29,35
DA:30,7
DA:32,7
DA:34,14
DA:35,7
DA:39,18
LF:24
LH:24
end_of_record
SF:lib\app.dart
DA:16,0
DA:18,1
DA:20,1
DA:22,1
DA:23,1
DA:42,2
DA:44,1
DA:45,1
DA:58,2
DA:59,2
DA:60,2
DA:61,2
DA:62,2
DA:65,1
DA:67,1
DA:73,2
DA:75,1
DA:76,1
DA:77,1
DA:79,0
DA:81,0
DA:83,0
DA:85,0
DA:86,0
DA:88,0
DA:89,0
DA:90,0
DA:92,0
DA:98,1
DA:105,2
DA:109,1
DA:110,1
DA:111,0
DA:112,1
LF:34
LH:23
end_of_record
SF:lib\core\connectivity\connectivity_service.dart
DA:14,2
DA:15,10
DA:22,8
DA:33,2
DA:34,4
DA:35,2
DA:36,8
DA:37,1
DA:38,1
DA:39,2
DA:41,2
DA:44,1
DA:46,2
DA:47,1
LF:14
LH:14
end_of_record
SF:lib\l10n\app_localizations.dart
DA:65,2
DA:66,4
DA:70,2
DA:71,2
DA:584,2
DA:586,2
DA:588,4
DA:591,2
DA:593,6
DA:595,0
DA:599,2
DA:601,2
DA:602,2
DA:603,0
DA:604,2
DA:605,2
DA:608,0
LF:17
LH:14
end_of_record
SF:lib\screens\library_screen.dart
DA:16,2
DA:18,1
DA:19,1
DA:27,1
DA:29,1
DA:30,1
DA:33,1
DA:34,4
DA:37,1
DA:46,4
DA:47,2
DA:48,0
DA:49,0
DA:55,2
DA:56,2
DA:57,0
DA:58,0
DA:61,1
DA:62,4
DA:63,1
DA:64,1
DA:65,1
DA:66,1
DA:67,1
DA:68,1
DA:73,1
DA:74,0
DA:75,1
DA:77,1
DA:78,1
DA:79,4
DA:85,0
DA:90,0
DA:91,0
DA:99,0
DA:100,0
DA:101,0
DA:102,0
DA:107,0
DA:108,0
DA:109,0
DA:110,0
DA:111,0
DA:112,0
DA:113,0
DA:114,0
DA:119,0
LF:47
LH:26
end_of_record
SF:lib\screens\queue_screen.dart
DA:10,2
DA:12,1
DA:14,1
DA:15,1
DA:16,3
DA:18,1
DA:19,1
DA:20,3
DA:22,2
DA:23,3
DA:24,0
DA:25,0
DA:26,0
DA:27,0
DA:29,0
DA:30,0
DA:31,0
DA:32,0
DA:33,0
DA:34,0
DA:37,0
DA:47,0
DA:49,0
DA:51,0
DA:52,0
DA:54,0
DA:55,0
DA:57,0
DA:58,0
DA:60,0
DA:62,0
DA:63,0
DA:65,0
DA:68,0
DA:69,0
DA:71,0
DA:73,0
LF:37
LH:10
end_of_record
SF:lib\screens\search_screen.dart
DA:25,2
DA:27,1
DA:28,1
DA:45,1
DA:47,1
DA:50,2
DA:51,2
DA:52,2
DA:53,2
DA:54,2
DA:59,4
DA:60,2
DA:63,1
DA:64,3
DA:65,1
DA:66,2
DA:67,3
DA:74,0
DA:75,0
DA:78,0
DA:79,0
DA:80,0
DA:81,0
DA:82,0
DA:83,0
DA:91,0
DA:92,0
DA:93,0
DA:94,0
DA:95,0
DA:98,0
DA:99,0
DA:100,0
DA:104,0
DA:105,0
DA:106,0
DA:107,0
DA:108,0
DA:112,1
DA:113,2
DA:114,1
DA:115,4
DA:116,1
DA:118,1
DA:119,0
DA:121,0
DA:122,0
DA:123,0
DA:127,0
DA:128,0
DA:129,0
DA:135,3
DA:144,1
DA:145,2
DA:146,1
DA:149,1
DA:150,1
DA:151,1
DA:152,4
DA:153,1
DA:154,5
DA:155,2
DA:163,1
DA:164,1
DA:165,0
DA:166,0
DA:169,1
DA:170,1
DA:171,0
DA:172,0
DA:175,1
DA:176,2
DA:177,0
DA:178,0
DA:181,1
DA:183,1
DA:189,2
DA:190,2
DA:191,0
DA:192,0
DA:195,1
DA:196,3
DA:197,1
DA:199,1
DA:200,1
DA:201,2
DA:203,1
DA:205,1
DA:206,1
DA:207,1
DA:208,2
DA:209,1
DA:210,0
DA:211,0
DA:212,0
DA:213,0
DA:214,0
DA:215,0
DA:216,0
DA:218,0
DA:219,0
DA:224,0
DA:225,0
DA:226,0
DA:227,0
DA:228,0
DA:229,0
DA:233,0
DA:239,0
DA:240,0
DA:241,0
DA:246,0
DA:248,0
DA:249,0
DA:250,0
DA:251,0
LF:116
LH:56
end_of_record
SF:lib\screens\settings_screen.dart
DA:17,2
DA:19,1
DA:21,1
DA:22,1
DA:23,3
DA:24,1
DA:25,1
DA:29,1
DA:31,2
DA:32,2
DA:33,0
DA:35,1
DA:37,2
DA:38,2
DA:39,0
DA:49,0
DA:52,1
DA:63,2
DA:65,0
DA:67,0
DA:68,0
DA:69,0
DA:70,0
DA:72,0
DA:74,0
DA:76,0
DA:78,0
DA:79,0
DA:80,0
DA:83,0
DA:85,0
DA:86,0
DA:90,0
DA:91,0
DA:92,0
DA:93,0
DA:94,0
DA:95,0
DA:108,2
DA:110,1
DA:111,1
DA:127,1
DA:129,1
DA:130,2
DA:133,1
DA:134,2
DA:135,1
DA:136,2
DA:137,2
DA:139,5
DA:142,1
DA:144,1
DA:145,1
DA:146,1
DA:148,1
DA:150,1
DA:152,5
DA:154,1
DA:155,1
DA:156,1
DA:157,2
DA:158,0
DA:159,0
DA:160,0
DA:170,2
DA:172,1
DA:173,1
DA:180,1
DA:182,1
DA:183,1
DA:186,1
DA:187,4
DA:190,0
DA:191,0
DA:192,0
DA:195,0
DA:196,0
DA:197,0
DA:198,0
DA:200,0
DA:201,0
DA:202,0
DA:203,0
DA:204,0
DA:206,0
DA:208,0
DA:212,0
DA:213,0
DA:214,0
DA:215,0
DA:216,0
DA:217,0
DA:218,0
DA:222,1
DA:224,1
DA:225,1
DA:227,1
DA:229,1
DA:231,5
DA:233,1
DA:235,2
DA:237,1
DA:238,1
DA:241,2
DA:242,2
DA:243,2
DA:245,1
DA:246,1
DA:247,1
DA:248,2
DA:249,1
DA:250,0
DA:251,0
DA:252,0
DA:253,0
DA:256,0
DA:257,0
DA:258,0
DA:260,0
DA:261,0
LF:120
LH:64
end_of_record
SF:lib\theme\app_theme.dart
DA:10,2
DA:11,2
DA:13,1
DA:14,1
DA:15,1
DA:16,2
DA:17,2
DA:18,2
DA:19,4
LF:9
LH:9
end_of_record
SF:lib\backup\backup_service.dart
DA:28,1
DA:34,0
DA:43,0
DA:45,0
DA:46,0
DA:47,0
DA:49,0
DA:50,0
DA:52,0
DA:53,0
DA:54,0
DA:57,0
DA:58,0
DA:62,0
DA:65,0
DA:71,0
DA:72,0
DA:73,0
DA:75,0
DA:76,0
DA:80,0
DA:86,0
DA:87,0
DA:88,0
DA:89,0
DA:90,0
DA:91,0
DA:97,1
DA:98,1
DA:99,0
DA:100,0
DA:101,0
DA:102,0
DA:103,0
DA:104,0
DA:107,0
DA:111,1
DA:112,1
DA:113,0
DA:114,0
DA:115,0
DA:122,0
DA:129,0
LF:43
LH:5
end_of_record
SF:lib\core\integrity\checksum_verifier.dart
DA:13,1
DA:18,1
DA:19,1
DA:22,2
DA:29,1
DA:30,1
DA:31,1
DA:33,1
DA:34,1
DA:44,3
DA:45,3
DA:49,3
DA:50,3
DA:57,1
DA:58,2
DA:61,1
DA:62,1
DA:63,2
DA:64,2
LF:19
LH:19
end_of_record
SF:lib\core\logging\app_logger.dart
DA:15,3
DA:17,3
DA:19,24
DA:36,9
DA:40,0
DA:48,0
DA:49,0
DA:50,0
DA:52,0
DA:55,0
DA:56,0
DA:58,3
DA:59,3
DA:61,1
DA:62,1
DA:64,0
DA:70,0
DA:72,3
DA:73,3
DA:74,6
DA:75,6
DA:76,9
DA:77,0
DA:80,9
DA:81,6
DA:84,3
DA:88,0
DA:89,0
DA:90,0
DA:92,0
DA:101,0
DA:102,0
LF:32
LH:16
end_of_record
SF:lib\core\diagnostics\diagnostic_report_service.dart
DA:13,0
DA:14,0
DA:15,0
DA:16,0
DA:17,0
DA:19,0
DA:20,0
DA:21,0
DA:22,0
DA:23,0
DA:24,0
DA:26,0
DA:33,0
DA:34,0
DA:35,0
LF:15
LH:0
end_of_record
SF:lib\core\errors\exceptions.dart
DA:13,3
DA:15,0
DA:16,0
DA:21,1
DA:26,1
DA:31,0
DA:36,0
DA:42,1
LF:8
LH:4
end_of_record
SF:lib\core\logging\log_rotator.dart
DA:10,0
DA:26,0
DA:27,0
DA:28,0
DA:29,0
DA:31,0
DA:33,0
DA:34,0
DA:35,0
DA:38,0
DA:39,0
DA:40,0
DA:41,0
DA:46,0
LF:14
LH:0
end_of_record
SF:lib\core\logging\log_sanitizer.dart
DA:5,9
DA:6,3
DA:10,3
DA:11,3
DA:12,3
DA:15,3
DA:17,6
DA:18,3
LF:8
LH:8
end_of_record
SF:lib\core\models\bookmark.dart
DA:13,1
DA:23,2
DA:24,1
DA:25,1
DA:26,1
DA:27,1
DA:28,1
DA:29,1
DA:30,2
DA:33,2
DA:34,1
DA:35,1
DA:36,1
DA:37,1
DA:38,1
DA:39,1
DA:40,2
LF:17
LH:17
end_of_record
SF:lib\core\models\download_job.dart
DA:38,1
DA:53,1
DA:55,1
DA:56,1
DA:57,1
DA:58,1
DA:59,0
DA:61,1
DA:62,1
DA:63,2
DA:64,1
DA:65,1
DA:66,4
DA:67,0
DA:69,2
DA:70,1
DA:71,1
DA:72,1
DA:73,1
DA:75,0
DA:76,1
DA:77,1
DA:78,2
DA:82,1
DA:83,0
DA:84,2
DA:88,0
DA:90,0
DA:91,0
DA:92,0
DA:96,0
DA:103,2
DA:104,1
DA:112,2
DA:113,2
DA:114,3
DA:115,1
DA:116,2
DA:117,1
DA:118,1
DA:119,1
DA:120,1
DA:122,2
DA:123,2
DA:124,1
DA:125,1
DA:126,1
DA:127,2
DA:130,2
DA:131,1
DA:132,2
DA:133,2
DA:134,2
DA:135,1
DA:136,1
DA:137,2
DA:138,2
DA:139,1
LF:58
LH:49
end_of_record
SF:lib\core\models\search_result.dart
DA:19,3
DA:33,2
DA:34,1
DA:35,1
DA:36,1
DA:37,2
DA:38,1
DA:39,1
DA:40,1
DA:41,1
DA:42,1
DA:43,1
DA:44,1
DA:47,2
DA:48,1
DA:49,1
DA:50,1
DA:51,2
DA:52,1
DA:53,1
DA:54,1
DA:55,1
DA:56,1
DA:57,1
DA:58,1
LF:25
LH:25
end_of_record
SF:lib\core\models\library_item.dart
DA:35,3
DA:66,2
DA:67,2
DA:68,2
DA:70,2
DA:71,2
DA:72,2
DA:73,2
DA:74,4
DA:75,2
DA:76,2
DA:77,2
DA:78,2
DA:79,4
DA:80,4
DA:81,4
DA:82,2
DA:83,4
DA:84,2
DA:85,2
DA:86,2
DA:87,2
DA:88,2
DA:89,2
DA:90,2
DA:91,2
DA:92,4
DA:93,4
DA:94,4
DA:95,2
DA:96,2
DA:97,2
DA:98,2
DA:102,3
DA:103,6
DA:104,3
DA:105,3
DA:106,3
DA:107,3
DA:108,6
DA:109,3
DA:110,3
DA:111,3
DA:112,3
DA:113,6
DA:114,6
DA:115,3
DA:116,3
DA:117,3
DA:118,3
DA:119,3
DA:120,3
DA:121,3
DA:122,3
DA:123,3
DA:124,3
DA:125,3
DA:126,3
DA:127,6
DA:128,6
DA:129,3
DA:130,3
DA:131,3
DA:132,3
LF:64
LH:64
end_of_record
SF:lib\core\models\media_type.dart
DA:8,6
DA:10,2
DA:11,8
LF:3
LH:3
end_of_record
SF:lib\core\network\circuit_breaker.dart
DA:20,5
DA:22,2
DA:23,4
DA:24,2
DA:25,4
DA:26,0
DA:27,0
DA:29,1
DA:33,2
DA:34,2
DA:35,2
DA:36,2
DA:38,1
DA:39,3
DA:42,4
DA:44,2
DA:45,1
DA:46,1
DA:50,1
DA:53,1
DA:63,1
DA:65,2
DA:66,2
DA:67,0
DA:69,0
DA:70,0
DA:75,1
DA:76,2
DA:77,3
DA:78,1
DA:79,2
DA:80,1
LF:32
LH:27
end_of_record
SF:lib\core\network\rate_limiter.dart
DA:8,5
DA:10,2
DA:11,2
DA:12,8
DA:13,6
DA:14,0
DA:16,6
DA:17,0
DA:18,0
DA:20,4
LF:10
LH:7
end_of_record
SF:lib\core\security\filename_sanitizer.dart
DA:5,6
DA:13,2
DA:14,8
DA:15,5
DA:16,6
DA:17,3
DA:18,4
DA:23,1
DA:24,4
DA:25,4
DA:26,1
LF:11
LH:11
end_of_record
SF:lib\core\security\url_validator.dart
DA:7,2
DA:8,2
DA:9,0
DA:10,4
DA:11,3
DA:13,8
DA:14,3
DA:21,3
DA:22,9
DA:23,10
DA:24,4
DA:25,10
LF:12
LH:11
end_of_record
SF:lib\core\security\zip_bomb_guard.dart
DA:15,4
DA:17,2
DA:18,2
DA:19,2
DA:20,1
DA:22,2
DA:25,2
DA:26,3
DA:27,1
DA:28,0
DA:30,2
DA:32,3
DA:33,1
DA:36,1
DA:39,1
LF:15
LH:14
end_of_record
SF:lib\download_manager\audiobook_zip_extractor.dart
DA:20,1
DA:21,1
DA:22,2
DA:23,1
DA:24,2
LF:5
LH:5
end_of_record
SF:lib\download_manager\download_manager.dart
DA:32,2
DA:39,4
DA:75,4
DA:88,1
DA:89,3
DA:93,1
DA:98,7
DA:102,2
DA:103,2
DA:104,2
DA:105,2
DA:107,0
DA:111,1
DA:112,1
DA:114,1
DA:115,0
DA:116,0
DA:117,0
DA:118,0
DA:121,1
DA:122,1
DA:125,1
DA:136,1
DA:137,3
DA:138,5
DA:141,2
DA:142,1
DA:143,2
DA:144,1
DA:146,1
DA:147,3
DA:149,3
DA:150,2
DA:151,3
DA:152,1
DA:156,1
DA:158,3
DA:160,2
DA:166,1
DA:167,2
DA:168,2
DA:171,0
DA:172,0
DA:176,0
DA:177,0
DA:178,0
DA:179,0
DA:181,0
DA:185,4
DA:186,1
DA:188,3
DA:189,0
DA:191,0
DA:193,0
DA:194,0
DA:196,0
DA:200,1
DA:205,3
DA:206,0
DA:208,1
DA:210,2
DA:215,2
DA:217,2
DA:219,2
DA:222,3
DA:223,1
DA:224,3
DA:225,1
DA:226,1
DA:227,1
DA:230,1
DA:232,1
DA:234,1
DA:242,0
DA:243,0
DA:244,0
DA:245,0
DA:246,0
DA:249,1
DA:250,1
DA:251,2
DA:252,3
DA:253,1
DA:254,3
DA:258,2
DA:259,1
DA:260,1
DA:266,5
DA:267,3
DA:268,1
DA:271,1
DA:272,2
DA:283,1
DA:290,0
DA:292,1
DA:297,1
DA:298,1
DA:299,1
DA:300,0
DA:306,0
DA:307,0
DA:308,0
DA:309,0
DA:310,0
DA:311,0
DA:317,1
DA:318,2
DA:319,5
DA:321,1
DA:322,2
DA:324,1
DA:328,0
DA:329,0
DA:330,0
DA:334,0
DA:335,0
DA:337,0
DA:338,0
DA:339,0
DA:340,0
DA:343,1
DA:344,5
DA:346,1
DA:347,6
DA:348,2
DA:349,1
DA:369,1
DA:370,1
DA:372,5
DA:373,0
DA:374,0
DA:375,0
DA:376,0
DA:377,0
DA:379,2
DA:380,1
DA:381,3
DA:382,1
DA:387,1
DA:388,2
DA:390,2
DA:391,1
DA:392,2
DA:393,1
DA:394,1
DA:398,1
DA:400,2
DA:402,2
DA:403,1
DA:404,3
DA:405,1
DA:409,1
DA:410,4
DA:411,6
DA:412,3
DA:416,1
DA:417,1
DA:419,1
DA:420,3
DA:421,2
DA:422,1
DA:423,0
DA:431,1
DA:432,2
DA:435,1
DA:439,2
DA:440,2
DA:441,3
DA:442,3
DA:447,1
DA:448,3
DA:451,2
DA:452,1
DA:453,2
DA:455,1
DA:456,2
DA:459,2
DA:460,2
LF:178
LH:132
end_of_record
SF:lib\library\library_change_notifier.dart
DA:10,2
DA:12,0
DA:13,0
DA:14,0
LF:4
LH:1
end_of_record
SF:lib\library\library_repository.dart
DA:13,4
DA:17,3
DA:18,6
DA:20,3
DA:25,2
DA:26,6
DA:27,2
DA:28,4
DA:31,2
DA:32,4
DA:37,4
DA:40,0
DA:41,0
DA:43,0
DA:44,0
DA:45,0
DA:46,0
DA:49,0
DA:55,1
DA:56,2
DA:58,3
DA:60,1
DA:64,1
DA:65,3
DA:70,2
DA:73,1
DA:75,2
DA:76,2
DA:78,3
DA:81,1
DA:82,1
DA:87,1
DA:88,1
DA:89,1
DA:91,1
DA:92,2
DA:95,1
DA:97,1
DA:98,2
DA:103,4
DA:110,1
DA:111,2
DA:116,2
DA:120,1
DA:121,2
DA:123,1
DA:125,1
DA:131,0
DA:132,0
DA:134,0
DA:138,0
DA:141,0
DA:149,1
DA:150,2
DA:152,1
DA:154,2
DA:157,1
DA:162,0
DA:163,0
DA:169,0
DA:174,0
DA:175,0
DA:176,0
DA:180,0
DA:183,0
DA:190,0
DA:191,0
DA:198,0
DA:199,0
DA:201,0
DA:203,0
DA:209,0
DA:210,0
DA:211,0
DA:212,0
LF:75
LH:45
end_of_record
SF:lib\sources\internet_archive\internet_archive_source.dart
DA:13,1
DA:17,0
DA:20,1
DA:23,0
DA:27,0
DA:29,0
DA:31,0
DA:38,0
DA:42,0
DA:43,0
DA:44,0
DA:45,0
DA:47,0
DA:49,0
DA:50,0
DA:54,0
DA:61,0
DA:63,0
DA:64,0
DA:68,0
DA:71,0
DA:76,0
DA:77,0
DA:78,0
DA:80,0
DA:82,0
DA:90,0
DA:91,0
DA:93,0
DA:94,0
DA:95,0
DA:96,0
DA:97,0
DA:98,0
DA:99,0
DA:102,0
LF:36
LH:2
end_of_record
SF:lib\l10n\app_localizations_en.dart
DA:9,0
DA:11,0
DA:14,0
DA:17,0
DA:20,0
DA:23,0
DA:26,0
DA:30,0
DA:33,0
DA:36,0
DA:38,0
DA:41,0
DA:44,0
DA:47,0
DA:50,0
DA:53,0
DA:56,0
DA:59,0
DA:61,0
DA:64,0
DA:67,0
DA:70,0
DA:73,0
DA:76,0
DA:79,0
DA:83,0
DA:86,0
DA:90,0
DA:93,0
DA:96,0
DA:98,0
DA:101,0
DA:104,0
DA:107,0
DA:111,0
DA:115,0
DA:118,0
DA:122,0
DA:126,0
DA:128,0
DA:131,0
DA:134,0
DA:137,0
DA:140,0
DA:143,0
DA:145,0
DA:148,0
DA:151,0
DA:155,0
DA:158,0
DA:161,0
DA:164,0
DA:167,0
DA:169,0
DA:172,0
DA:175,0
DA:178,0
DA:181,0
DA:183,0
DA:186,0
DA:189,0
DA:192,0
DA:195,0
DA:198,0
DA:201,0
DA:203,0
DA:206,0
DA:210,0
DA:214,0
DA:217,0
DA:220,0
DA:223,0
DA:226,0
DA:229,0
DA:232,0
DA:235,0
DA:238,0
DA:241,0
DA:243,0
DA:246,0
DA:249,0
DA:252,0
DA:255,0
DA:258,0
DA:261,0
DA:264,0
DA:267,0
DA:270,0
DA:273,0
DA:275,0
DA:278,0
DA:280,0
LF:92
LH:0
end_of_record
SF:lib\l10n\app_localizations_fr.dart
DA:9,4
DA:11,1
DA:14,1
DA:17,1
DA:20,1
DA:23,0
DA:27,1
DA:31,1
DA:34,1
DA:37,0
DA:39,0
DA:42,0
DA:45,0
DA:48,1
DA:51,0
DA:54,0
DA:57,0
DA:60,1
DA:62,1
DA:65,1
DA:68,0
DA:71,0
DA:74,0
DA:77,1
DA:80,1
DA:84,1
DA:87,1
DA:91,1
DA:94,1
DA:98,0
DA:100,0
DA:103,0
DA:106,0
DA:109,0
DA:113,0
DA:117,1
DA:120,0
DA:124,0
DA:128,0
DA:130,0
DA:133,0
DA:136,0
DA:139,0
DA:142,0
DA:145,0
DA:147,0
DA:150,0
DA:153,0
DA:157,0
DA:160,0
DA:163,0
DA:166,0
DA:169,0
DA:171,0
DA:174,0
DA:177,0
DA:180,0
DA:183,0
DA:185,0
DA:188,0
DA:191,0
DA:194,0
DA:197,0
DA:201,0
DA:204,0
DA:206,0
DA:209,0
DA:213,0
DA:217,0
DA:220,0
DA:224,0
DA:227,0
DA:230,0
DA:233,0
DA:236,0
DA:239,0
DA:242,0
DA:245,0
DA:247,0
DA:250,0
DA:253,0
DA:256,0
DA:259,0
DA:262,1
DA:265,1
DA:268,1
DA:272,0
DA:275,0
DA:278,0
DA:280,0
DA:283,0
DA:285,0
LF:92
LH:22
end_of_record
SF:lib\library\bookmark_repository.dart
DA:14,1
DA:17,1
DA:18,1
DA:19,1
DA:22,1
DA:24,3
DA:28,1
DA:29,2
DA:32,1
DA:35,2
DA:38,1
DA:39,3
LF:12
LH:12
end_of_record
SF:lib\library\settings_repository.dart
DA:8,1
DA:11,0
DA:12,0
DA:15,0
DA:18,0
DA:19,0
DA:22,0
DA:23,0
DA:25,0
DA:37,0
DA:38,0
DA:39,0
DA:42,0
DA:43,0
LF:14
LH:1
end_of_record
SF:lib\readers\audio_player_screen.dart
DA:44,0
DA:47,0
DA:48,0
DA:59,0
DA:61,0
DA:63,0
DA:67,0
DA:68,0
DA:69,0
DA:70,0
DA:71,0
DA:75,0
DA:77,0
DA:78,0
DA:79,0
DA:80,0
DA:81,0
DA:82,0
DA:83,0
DA:87,0
DA:91,0
DA:92,0
DA:93,0
DA:94,0
DA:95,0
DA:96,0
DA:97,0
DA:99,0
DA:106,0
DA:107,0
DA:108,0
DA:109,0
DA:112,0
DA:114,0
DA:115,0
DA:118,0
DA:125,0
DA:126,0
DA:127,0
DA:128,0
DA:129,0
DA:130,0
DA:131,0
DA:132,0
DA:133,0
DA:134,0
DA:135,0
DA:136,0
DA:138,0
DA:139,0
DA:141,0
DA:143,0
DA:144,0
DA:145,0
DA:146,0
DA:147,0
DA:148,0
DA:149,0
DA:150,0
DA:151,0
DA:162,0
DA:163,0
DA:164,0
DA:165,0
DA:166,0
DA:169,0
DA:171,0
DA:173,0
DA:176,0
DA:177,0
DA:178,0
DA:179,0
DA:181,0
DA:182,0
DA:183,0
DA:184,0
DA:186,0
DA:192,0
DA:193,0
DA:194,0
DA:199,0
DA:201,0
DA:202,0
DA:203,0
DA:204,0
DA:205,0
DA:206,0
DA:207,0
DA:208,0
DA:209,0
DA:210,0
DA:211,0
DA:212,0
DA:217,0
DA:219,0
DA:220,0
DA:224,0
DA:226,0
DA:228,0
DA:229,0
DA:230,0
DA:231,0
DA:232,0
DA:233,0
DA:235,0
DA:236,0
DA:237,0
DA:238,0
DA:239,0
DA:241,0
DA:242,0
DA:243,0
DA:246,0
DA:248,0
DA:249,0
DA:250,0
DA:259,0
DA:261,0
DA:262,0
DA:265,0
DA:266,0
DA:269,0
DA:270,0
DA:271,0
DA:272,0
DA:275,0
DA:277,0
DA:278,0
DA:279,0
DA:284,0
DA:287,0
DA:288,0
DA:296,0
DA:298,0
DA:299,0
DA:301,0
LF:136
LH:0
end_of_record
SF:lib\readers\audiobook_handler.dart
DA:42,0
DA:44,0
DA:45,0
DA:49,0
DA:51,0
DA:52,0
DA:58,0
DA:59,0
DA:60,0
DA:62,0
DA:63,0
DA:64,0
DA:65,0
DA:66,0
DA:68,0
DA:70,0
DA:73,0
DA:74,0
DA:75,0
DA:76,0
DA:77,0
DA:78,0
DA:79,0
DA:81,0
DA:82,0
DA:85,0
DA:87,0
DA:88,0
DA:91,0
DA:92,0
DA:95,0
DA:97,0
DA:102,0
DA:104,0
DA:111,0
DA:112,0
DA:113,0
DA:117,0
DA:118,0
DA:119,0
DA:120,0
DA:121,0
DA:125,0
DA:126,0
DA:129,0
DA:132,0
DA:133,0
DA:134,0
DA:141,0
DA:142,0
DA:143,0
DA:144,0
DA:146,0
DA:147,0
DA:151,0
DA:152,0
DA:153,0
DA:155,0
DA:156,0
DA:157,0
DA:159,0
DA:160,0
DA:164,0
DA:165,0
DA:166,0
DA:167,0
DA:168,0
DA:177,0
DA:178,0
DA:179,0
DA:180,0
DA:182,0
DA:189,0
DA:190,0
DA:193,0
DA:194,0
DA:195,0
DA:196,0
DA:198,0
DA:199,0
DA:200,0
DA:208,0
DA:209,0
DA:210,0
DA:211,0
DA:212,0
DA:213,0
DA:216,0
DA:217,0
DA:218,0
DA:219,0
DA:223,0
DA:224,0
DA:226,0
DA:227,0
DA:229,0
DA:230,0
DA:232,0
DA:233,0
DA:235,0
DA:237,0
DA:238,0
DA:239,0
DA:240,0
DA:241,0
LF:105
LH:0
end_of_record
SF:lib\readers\epub_reader_screen.dart
DA:19,0
DA:22,0
DA:23,0
DA:76,0
DA:78,0
DA:79,0
DA:80,0
DA:83,0
DA:84,0
DA:89,0
DA:91,0
DA:92,0
DA:96,0
DA:98,0
DA:99,0
DA:100,0
DA:101,0
DA:102,0
DA:103,0
DA:106,0
DA:107,0
DA:110,0
DA:111,0
DA:112,0
DA:113,0
DA:115,0
DA:117,0
DA:124,0
DA:125,0
DA:126,0
DA:127,0
DA:130,0
DA:134,0
DA:137,0
DA:139,0
DA:140,0
DA:142,0
DA:143,0
DA:144,0
DA:147,0
DA:149,0
DA:150,0
DA:151,0
DA:152,0
DA:153,0
DA:157,0
DA:158,0
DA:159,0
DA:161,0
DA:162,0
DA:164,0
DA:165,0
DA:166,0
DA:171,0
DA:173,0
DA:174,0
DA:175,0
DA:179,0
DA:183,0
DA:184,0
DA:185,0
DA:186,0
DA:188,0
DA:189,0
DA:191,0
DA:192,0
DA:196,0
DA:198,0
DA:199,0
DA:201,0
DA:205,0
DA:206,0
DA:207,0
DA:208,0
DA:210,0
DA:211,0
DA:213,0
DA:214,0
DA:215,0
DA:220,0
DA:221,0
DA:222,0
DA:225,0
DA:227,0
DA:228,0
DA:231,0
DA:232,0
DA:235,0
DA:236,0
DA:246,0
DA:247,0
DA:248,0
DA:249,0
DA:252,0
DA:260,0
DA:261,0
DA:262,0
DA:263,0
DA:264,0
DA:265,0
DA:274,0
DA:279,0
DA:283,0
DA:290,0
DA:292,0
DA:294,0
DA:295,0
DA:302,0
DA:303,0
DA:304,0
DA:305,0
DA:307,0
DA:308,0
DA:309,0
DA:310,0
DA:311,0
DA:312,0
DA:313,0
DA:314,0
DA:315,0
DA:321,0
DA:322,0
DA:325,0
DA:327,0
DA:328,0
DA:329,0
DA:330,0
DA:333,0
DA:334,0
DA:335,0
DA:336,0
DA:339,0
DA:341,0
DA:342,0
DA:343,0
DA:346,0
DA:347,0
DA:350,0
DA:351,0
DA:353,0
DA:354,0
DA:355,0
DA:356,0
DA:357,0
DA:358,0
DA:359,0
DA:363,0
DA:364,0
DA:365,0
DA:366,0
DA:367,0
DA:368,0
DA:369,0
DA:370,0
DA:371,0
DA:372,0
DA:376,0
DA:377,0
DA:378,0
DA:380,0
DA:381,0
DA:382,0
DA:383,0
DA:384,0
DA:385,0
DA:386,0
DA:391,0
DA:392,0
DA:393,0
DA:395,0
DA:397,0
DA:399,0
DA:400,0
DA:402,0
DA:403,0
DA:405,0
DA:406,0
DA:408,0
DA:409,0
DA:410,0
DA:411,0
DA:413,0
DA:414,0
DA:415,0
DA:417,0
DA:419,0
DA:420,0
DA:421,0
DA:422,0
DA:435,0
DA:437,0
DA:439,0
DA:440,0
DA:441,0
DA:442,0
DA:443,0
DA:445,0
DA:447,0
DA:450,0
DA:452,0
DA:453,0
DA:455,0
DA:464,0
DA:466,0
DA:467,0
DA:468,0
DA:469,0
DA:470,0
DA:471,0
DA:472,0
DA:473,0
DA:474,0
DA:475,0
DA:477,0
DA:479,0
DA:480,0
DA:482,0
DA:484,0
DA:485,0
DA:487,0
DA:488,0
DA:491,0
DA:492,0
DA:493,0
DA:494,0
DA:496,0
DA:498,0
DA:499,0
DA:503,0
DA:504,0
DA:506,0
DA:507,0
DA:508,0
DA:509,0
DA:510,0
DA:511,0
DA:512,0
DA:513,0
DA:519,0
DA:520,0
DA:521,0
DA:522,0
DA:523,0
DA:524,0
DA:525,0
DA:526,0
DA:527,0
DA:528,0
DA:529,0
DA:536,0
DA:537,0
DA:538,0
DA:539,0
DA:548,0
DA:550,0
DA:551,0
DA:552,0
DA:553,0
LF:258
LH:0
end_of_record
SF:lib\theme\reader_themes.dart
DA:11,2
LF:1
LH:1
end_of_record
SF:lib\widgets\cover_placeholder.dart
DA:18,0
DA:40,1
DA:41,4
DA:42,2
DA:45,3
DA:47,1
DA:48,1
DA:49,1
DA:50,2
DA:51,1
DA:53,1
DA:54,1
DA:55,1
DA:56,1
DA:61,1
DA:64,2
DA:71,1
DA:73,5
DA:74,1
DA:75,1
DA:76,0
DA:77,1
DA:78,5
DA:80,1
DA:81,1
DA:82,1
DA:83,1
DA:84,1
DA:86,1
DA:87,0
DA:88,0
DA:92,0
DA:96,0
DA:100,0
DA:101,0
DA:104,0
DA:118,0
DA:120,1
DA:122,1
DA:124,2
DA:125,1
DA:126,2
LF:42
LH:32
end_of_record
SF:lib\screens\media_detail_screen.dart
DA:18,0
DA:21,0
DA:22,0
DA:37,0
DA:39,0
DA:40,0
DA:43,0
DA:44,0
DA:45,0
DA:46,0
DA:47,0
DA:48,0
DA:49,0
DA:50,0
DA:51,0
DA:52,0
DA:53,0
DA:54,0
DA:55,0
DA:56,0
DA:61,0
DA:66,0
DA:74,0
DA:75,0
DA:76,0
DA:77,0
DA:85,0
DA:87,0
DA:88,0
DA:89,0
DA:90,0
DA:91,0
DA:100,0
DA:101,0
DA:102,0
DA:103,0
DA:104,0
DA:105,0
DA:106,0
DA:110,0
DA:111,0
DA:112,0
DA:113,0
DA:115,0
DA:117,0
DA:118,0
DA:120,0
DA:122,0
DA:123,0
DA:124,0
DA:125,0
DA:127,0
DA:134,0
DA:135,0
DA:136,0
DA:137,0
DA:138,0
DA:140,0
DA:141,0
DA:142,0
DA:143,0
DA:147,0
DA:149,0
DA:150,0
DA:151,0
DA:152,0
DA:153,0
DA:154,0
DA:155,0
DA:157,0
DA:158,0
DA:162,0
DA:164,0
DA:166,0
DA:167,0
DA:169,0
DA:170,0
DA:171,0
DA:172,0
DA:174,0
DA:175,0
DA:176,0
DA:178,0
DA:179,0
DA:180,0
DA:181,0
DA:189,0
DA:190,0
DA:191,0
DA:194,0
DA:198,0
DA:199,0
DA:200,0
DA:202,0
DA:203,0
DA:204,0
DA:205,0
DA:206,0
LF:98
LH:0
end_of_record
SF:lib\widgets\undo_snackbar.dart
DA:12,0
DA:18,0
DA:19,0
DA:20,0
DA:22,0
LF:5
LH:0
end_of_record
SF:lib\sources\base_content_source.dart
DA:17,6
DA:19,1
DA:21,3
DA:22,3
DA:23,1
DA:24,1
DA:25,0
DA:37,0
DA:38,0
DA:39,0
LF:10
LH:6
end_of_record
SF:lib\sources\content_source.dart
DA:16,4
LF:1
LH:1
end_of_record
SF:lib\sources\librivox\librivox_source.dart
DA:12,2
DA:16,0
DA:19,2
DA:22,1
DA:27,2
DA:34,1
DA:35,2
DA:36,1
DA:37,1
DA:44,1
DA:47,2
DA:48,1
DA:49,1
DA:50,1
DA:51,2
DA:53,1
DA:55,3
DA:57,1
DA:58,1
DA:64,1
DA:65,1
DA:71,1
DA:72,1
DA:74,1
LF:24
LH:23
end_of_record
SF:lib\sources\standard_ebooks\standard_ebooks_source.dart
DA:13,2
DA:17,0
DA:20,2
DA:23,1
DA:27,1
DA:30,1
DA:34,1
DA:40,2
DA:42,1
DA:45,2
DA:46,2
DA:47,2
DA:48,2
DA:50,1
DA:52,2
DA:56,1
DA:57,1
DA:58,2
DA:59,1
DA:60,1
DA:61,1
DA:63,1
DA:65,1
DA:67,1
DA:69,1
DA:71,1
DA:72,1
DA:78,1
DA:85,6
DA:86,1
DA:88,2
DA:92,1
LF:32
LH:31
end_of_record
SF:lib\sources\gutenberg\gutenberg_source.dart
DA:12,1
DA:16,0
DA:19,1
DA:22,0
DA:25,0
DA:27,0
DA:33,0
DA:35,0
DA:36,0
DA:37,0
DA:38,0
DA:40,0
DA:41,0
DA:42,0
DA:45,0
DA:46,0
DA:48,0
DA:51,0
DA:53,0
DA:54,0
DA:60,0
DA:63,0
DA:67,0
DA:68,0
DA:70,0
DA:71,0
DA:73,0
DA:74,0
LF:28
LH:2
end_of_record
SF:lib\widgets\universal_search_bar.dart
DA:9,1
DA:12,1
DA:14,1
DA:15,1
DA:16,2
DA:20,1
DA:32,0
DA:36,0
DA:38,0
DA:39,0
DA:41,0
DA:42,0
DA:44,0
DA:45,0
DA:46,0
DA:49,0
DA:53,0
LF:17
LH:6
end_of_record
SF:lib\sources\extended\extended_sources_registry.dart
DA:18,0
DA:29,0
DA:31,0
DA:32,0
DA:33,0
DA:34,0
DA:35,0
DA:40,0
DA:41,0
LF:9
LH:0
end_of_record
SF:lib\sources\extended\extended_sources_settings.dart
DA:17,0
DA:23,0
DA:25,0
DA:28,0
DA:30,0
DA:31,0
LF:6
LH:0
end_of_record
SF:lib\screens\trash_screen.dart
DA:14,2
DA:16,0
DA:17,0
DA:23,0
DA:25,0
DA:26,0
DA:29,0
DA:30,0
DA:33,0
DA:34,0
DA:35,0
DA:36,0
DA:37,0
DA:38,0
DA:39,0
DA:40,0
DA:45,0
DA:46,0
DA:48,0
DA:49,0
DA:50,0
DA:53,0
DA:55,0
DA:56,0
DA:57,0
DA:58,0
DA:59,0
DA:60,0
DA:61,0
DA:62,0
DA:63,0
DA:64,0
DA:66,0
DA:67,0
DA:68,0
DA:69,0
DA:70,0
DA:71,0
DA:72,0
DA:73,0
DA:74,0
DA:75,0
LF:42
LH:1
end_of_record
SF:lib\sources\extended\annas_archive_source.dart
DA:18,0
DA:22,0
DA:25,0
DA:28,0
DA:30,0
LF:5
LH:0
end_of_record
SF:lib\sources\extended\libgen_source.dart
DA:18,0
DA:22,0
DA:25,0
DA:28,0
DA:30,0
LF:5
LH:0
end_of_record
SF:lib\sources\extended\scihub_source.dart
DA:18,0
DA:22,0
DA:25,0
DA:28,0
DA:30,0
LF:5
LH:0
end_of_record
SF:lib\sources\extended\zlibrary_source.dart
DA:18,0
DA:22,0
DA:25,0
DA:28,0
DA:30,0
LF:5
LH:0
end_of_record
SF:lib\core\security\certificate_validator.dart
DA:4,1
DA:6,4
DA:7,2
LF:3
LH:3
end_of_record
SF:lib\core\security\windows_path_validator.dart
DA:5,1
DA:6,1
DA:7,2
DA:8,3
DA:9,1
DA:10,2
LF:6
LH:6
end_of_record
SF:lib\library\local_file_verifier.dart
DA:12,1
DA:15,1
DA:16,2
DA:18,2
DA:19,2
DA:24,1
DA:25,1
DA:32,4
DA:35,1
DA:36,3
LF:10
LH:10
end_of_record
